[debug] [2021-01-11T20:14:36.552Z] ----------------------------------------------------------------------
[debug] [2021-01-11T20:14:36.555Z] Command:       C:\Program Files\nodejs\node.exe C:\Users\padma\AppData\Roaming\npm\node_modules\firebase-tools\lib\bin\firebase.js login
[debug] [2021-01-11T20:14:36.556Z] CLI Version:   9.1.2
[debug] [2021-01-11T20:14:36.556Z] Platform:      win32
[debug] [2021-01-11T20:14:36.556Z] Node Version:  v14.15.4
[debug] [2021-01-11T20:14:36.558Z] Time:          Mon Jan 11 2021 20:14:36 GMT+0000 (Greenwich Mean Time)
[debug] [2021-01-11T20:14:36.558Z] ----------------------------------------------------------------------
[debug] [2021-01-11T20:14:36.558Z] 
[info] i  Firebase optionally collects CLI usage and error reporting information to help improve our products. Data is collected in accordance with Google's privacy policy (https://policies.google.com/privacy) and is not used to identify you.
 
[info] i  To change your data collection preference at any time, run `firebase logout` and log in again. 
[info] 
[info] Visit this URL on this device to log in:
[info] https://accounts.google.com/o/oauth2/auth?client_id=563584335869-fgrhgmd47bqnekij5i8b5pr03ho849e6.apps.googleusercontent.com&scope=email%20openid%20https%3A%2F%2Fwww.googleapis.com%2Fauth%2Fcloudplatformprojects.readonly%20https%3A%2F%2Fwww.googleapis.com%2Fauth%2Ffirebase%20https%3A%2F%2Fwww.googleapis.com%2Fauth%2Fcloud-platform&response_type=code&state=224797115&redirect_uri=http%3A%2F%2Flocalhost%3A9005
[info] 
[info] Waiting for authentication...
[debug] [2021-01-11T20:14:42.567Z] Error: spawn cmd ENOENT
    at Process.ChildProcess._handle.onexit (internal/child_process.js:269:19)
    at onErrorNT (internal/child_process.js:465:16)
    at processTicksAndRejections (internal/process/task_queues.js:80:21)
[error] 
[error] Error: An unexpected error has occurred.
[debug] [2021-01-11T20:16:32.849Z] ----------------------------------------------------------------------
[debug] [2021-01-11T20:16:32.852Z] Command:       C:\Program Files\nodejs\node.exe C:\Users\padma\AppData\Roaming\npm\node_modules\firebase-tools\lib\bin\firebase.js login
[debug] [2021-01-11T20:16:32.853Z] CLI Version:   9.1.2
[debug] [2021-01-11T20:16:32.853Z] Platform:      win32
[debug] [2021-01-11T20:16:32.853Z] Node Version:  v14.15.4
[debug] [2021-01-11T20:16:32.854Z] Time:          Mon Jan 11 2021 20:16:32 GMT+0000 (Greenwich Mean Time)
[debug] [2021-01-11T20:16:32.855Z] ----------------------------------------------------------------------
[debug] [2021-01-11T20:16:32.855Z] 
[info] i  Firebase optionally collects CLI usage and error reporting information to help improve our products. Data is collected in accordance with Google's privacy policy (https://policies.google.com/privacy) and is not used to identify you.
 
[info] i  To change your data collection preference at any time, run `firebase logout` and log in again. 
[info] 
[info] Visit this URL on this device to log in:
[info] https://accounts.google.com/o/oauth2/auth?client_id=563584335869-fgrhgmd47bqnekij5i8b5pr03ho849e6.apps.googleusercontent.com&scope=email%20openid%20https%3A%2F%2Fwww.googleapis.com%2Fauth%2Fcloudplatformprojects.readonly%20https%3A%2F%2Fwww.googleapis.com%2Fauth%2Ffirebase%20https%3A%2F%2Fwww.googleapis.com%2Fauth%2Fcloud-platform&response_type=code&state=332824155&redirect_uri=http%3A%2F%2Flocalhost%3A9005
[info] 
[info] Waiting for authentication...
[debug] [2021-01-11T20:16:35.772Z] Error: spawn cmd ENOENT
    at Process.ChildProcess._handle.onexit (internal/child_process.js:269:19)
    at onErrorNT (internal/child_process.js:465:16)
    at processTicksAndRejections (internal/process/task_queues.js:80:21)
[error] 
[error] Error: An unexpected error has occurred.
